-------------------------------------------------------------------------------
Test set: TestSuite
-------------------------------------------------------------------------------
Tests run: 3, Failures: 1, Errors: 0, Skipped: 0, Time elapsed: 188.152 s <<< FAILURE! - in TestSuite
runScenario(cucumberOptions.TestNGTestRunner)  Time elapsed: 32.109 s  <<< FAILURE!
java.lang.AssertionError: expected [No data] but found [Beetroot]

